"Detected grpc-netty-shaded: Creating ShadedNettyGrpcServerFactory"
"Registered gRPC service: ir.sharif.aic.hideandseek.api.grpc.GameHandler, bean: gameHandlerApiV1, class: ir.sharif.aic.hideandseek.api.GameHandlerApiV1"
"Registered gRPC service: grpc.health.v1.Health, bean: grpcHealthService, class: io.grpc.protobuf.services.HealthServiceImpl"
"Registered gRPC service: grpc.reflection.v1alpha.ServerReflection, bean: protoReflectionService, class: io.grpc.protobuf.services.ProtoReflectionService"
"gRPC Server started, listening on address: *, port: 7000"
"GameException(details={code=it's not your turn yet.}, timeStamp=Fri Aug 05 15:50:25 IRDT 2022, status=Status{code=FAILED_PRECONDITION, description=null, cause=null})"
"GameException(details={code=it's not your turn yet.}, timeStamp=Fri Aug 05 15:50:25 IRDT 2022, status=Status{code=FAILED_PRECONDITION, description=null, cause=null})"
"{"id":"387d3496-85e1-4895-aeca-d332cf2d54d6","timeStamp":1659698425031,"type":"READINESS_DECLARATION","message":"agent with id:1 has declared its readiness","context":{"agentId":"1","balance":"1000.0","team":"FIRST","type":"THIEF","nodeId":"2","token":"token_1"}}"
"{"id":"952b8b0a-5bef-4ae8-8651-439f68eba04e","timeStamp":1659698425203,"type":"READINESS_DECLARATION","message":"agent with id:4 has declared its readiness","context":{"agentId":"4","balance":"1000.0","team":"SECOND","type":"POLICE","nodeId":"1","token":"token_4"}}"
"{"id":"58a09f1c-e500-4c72-b838-cddfd5718721","timeStamp":1659698425298,"type":"READINESS_DECLARATION","message":"agent with id:3 has declared its readiness","context":{"agentId":"3","balance":"1000.0","team":"SECOND","type":"THIEF","nodeId":"2","token":"token_3"}}"
"{"id":"58c000d0-da2d-4269-9049-b0c709ecfcd1","timeStamp":1659698425456,"type":"READINESS_DECLARATION","message":"agent with id:2 has declared its readiness","context":{"agentId":"2","balance":"1000.0","team":"FIRST","type":"POLICE","nodeId":"1","token":"token_2"}}"
"{"id":"c87b3037-724b-40ef-b6b1-c57eb35a7a20","timeStamp":1659698425457,"type":"STATUS_CHANGE","message":"game changed status from PENDING to ONGOING","context":{"toStatus":"ONGOING","fromStatus":"PENDING"}}"
"{"id":"4b4c3df3-6c95-4c79-8621-f07740769234","timeStamp":1659698426668,"type":"AGENT_MOVEMENT","message":"agent with id: 1 decided to stay in node with id: 2","context":{"agentId":"1","balance":"1000.0","price":"0.0","toNodeId":"2","fromNodeId":"2"}}"
"{"id":"f56f829d-d7b0-4b4e-8070-9526ceaf8bda","timeStamp":1659698426669,"type":"AGENT_MOVEMENT","message":"agent with id: 3 decided to stay in node with id: 2","context":{"agentId":"3","balance":"1000.0","price":"0.0","toNodeId":"2","fromNodeId":"2"}}"
"{"id":"6d64b06e-d3a2-44f3-82d5-11663310b611","timeStamp":1659698431062,"type":"TURN_CHANGE","message":"","context":{"toTurnNumber":"2","isVisible":"true","toTurn":"POLICE_TURN"}}"
"{"id":"00a9ff16-9e9c-4d92-bff9-93823fab230f","timeStamp":1659698431091,"type":"AGENT_BALANCE_CHARGED","message":"balance of agent with id: 2 was charged 100.000000 units","context":{"agentId":"2","balance":"1100.0","wage":"100.0"}}"
"{"id":"fee28001-fd96-4124-aad9-262771537264","timeStamp":1659698431091,"type":"AGENT_BALANCE_CHARGED","message":"balance of agent with id: 4 was charged 100.000000 units","context":{"agentId":"4","balance":"1100.0","wage":"100.0"}}"
"{"id":"c474d231-4466-4313-8bc4-f3d779b3d16e","timeStamp":1659698431091,"type":"AGENT_BALANCE_CHARGED","message":"balance of agent with id: 1 was charged 100.000000 units","context":{"agentId":"1","balance":"1100.0","wage":"100.0"}}"
"{"id":"7003bf56-d0bb-4d4e-9e37-c39471c21d90","timeStamp":1659698431091,"type":"AGENT_BALANCE_CHARGED","message":"balance of agent with id: 3 was charged 100.000000 units","context":{"agentId":"3","balance":"1100.0","wage":"100.0"}}"
"{"id":"32926298-3373-4312-97fc-c14393f6966a","timeStamp":1659698432097,"type":"TURN_CHANGE","message":"","context":{"toTurnNumber":"3","isVisible":"true","toTurn":"THIEF_TURN"}}"
"{"id":"1abbf80c-2731-4db0-a492-be6097791fce","timeStamp":1659698432106,"type":"AGENT_BALANCE_CHARGED","message":"balance of agent with id: 2 was charged 100.000000 units","context":{"agentId":"2","balance":"1200.0","wage":"100.0"}}"
"{"id":"8d4aaaff-7d3f-4ee2-821e-2638b07c0242","timeStamp":1659698432106,"type":"AGENT_BALANCE_CHARGED","message":"balance of agent with id: 4 was charged 100.000000 units","context":{"agentId":"4","balance":"1200.0","wage":"100.0"}}"
"{"id":"a1d9c230-7ff2-45c0-a4b4-4f211ca0e118","timeStamp":1659698432107,"type":"AGENT_BALANCE_CHARGED","message":"balance of agent with id: 1 was charged 100.000000 units","context":{"agentId":"1","balance":"1200.0","wage":"100.0"}}"
"{"id":"602820d3-d8b9-4b64-844e-12b2bc943a25","timeStamp":1659698432107,"type":"AGENT_BALANCE_CHARGED","message":"balance of agent with id: 3 was charged 100.000000 units","context":{"agentId":"3","balance":"1200.0","wage":"100.0"}}"
"{"id":"97071ac1-1c54-4f4d-bddd-e064d2a9404c","timeStamp":1659698433109,"type":"TURN_CHANGE","message":"","context":{"toTurnNumber":"4","isVisible":"false","toTurn":"POLICE_TURN"}}"
"{"id":"562e1de8-51a6-4726-b6ea-ef66cad43756","timeStamp":1659698433118,"type":"AGENT_BALANCE_CHARGED","message":"balance of agent with id: 2 was charged 100.000000 units","context":{"agentId":"2","balance":"1300.0","wage":"100.0"}}"
"{"id":"d2c9bc19-e0e9-479b-a283-82ad08617d53","timeStamp":1659698433118,"type":"AGENT_BALANCE_CHARGED","message":"balance of agent with id: 4 was charged 100.000000 units","context":{"agentId":"4","balance":"1300.0","wage":"100.0"}}"
"{"id":"8a60a992-5a60-4c34-a851-858d3846ade6","timeStamp":1659698433118,"type":"AGENT_BALANCE_CHARGED","message":"balance of agent with id: 1 was charged 100.000000 units","context":{"agentId":"1","balance":"1300.0","wage":"100.0"}}"
"{"id":"eee7bdf9-1e00-4f00-b12a-edcc1d7f9865","timeStamp":1659698433119,"type":"AGENT_BALANCE_CHARGED","message":"balance of agent with id: 3 was charged 100.000000 units","context":{"agentId":"3","balance":"1300.0","wage":"100.0"}}"
"{"id":"18d22e35-ab94-44b6-9433-7acc3f73b711","timeStamp":1659698434110,"type":"AGENT_MOVEMENT","message":"agent with id: 4 decided to stay in node with id: 1","context":{"agentId":"4","balance":"1300.0","price":"0.0","toNodeId":"1","fromNodeId":"1"}}"
"{"id":"7207c175-0916-4c3d-80ae-e04c2b9621e4","timeStamp":1659698434111,"type":"AGENT_MOVEMENT","message":"agent with id: 2 decided to stay in node with id: 1","context":{"agentId":"2","balance":"1300.0","price":"0.0","toNodeId":"1","fromNodeId":"1"}}"
"{"id":"b970ccab-7211-4b55-a471-486f5d27f0d1","timeStamp":1659698434124,"type":"TURN_CHANGE","message":"","context":{"toTurnNumber":"5","isVisible":"false","toTurn":"THIEF_TURN"}}"
"{"id":"2ca6b9a2-5385-43d0-9564-f32c1a4ea69a","timeStamp":1659698434143,"type":"AGENT_BALANCE_CHARGED","message":"balance of agent with id: 2 was charged 100.000000 units","context":{"agentId":"2","balance":"1400.0","wage":"100.0"}}"
"{"id":"76c3f4ef-e38a-4777-a978-8a89607c6096","timeStamp":1659698434144,"type":"AGENT_BALANCE_CHARGED","message":"balance of agent with id: 4 was charged 100.000000 units","context":{"agentId":"4","balance":"1400.0","wage":"100.0"}}"
"{"id":"3be818b2-a4b1-4035-96f9-014cc541db2a","timeStamp":1659698434144,"type":"AGENT_BALANCE_CHARGED","message":"balance of agent with id: 1 was charged 100.000000 units","context":{"agentId":"1","balance":"1400.0","wage":"100.0"}}"
"{"id":"c1c6db55-16a7-491b-8d4c-a682872aed77","timeStamp":1659698434144,"type":"AGENT_BALANCE_CHARGED","message":"balance of agent with id: 3 was charged 100.000000 units","context":{"agentId":"3","balance":"1400.0","wage":"100.0"}}"
"{"id":"3cbc5399-4423-4e99-8810-1379d13f4707","timeStamp":1659698434150,"type":"GAME_RESULT_CHANGED","message":"Game result changed from UNKNOWN to FIRST_WINS","context":{"game result":"FIRST_WINS"}}"
"{"id":"cb17c708-d2b7-4a05-a739-ae99cbdf49e5","timeStamp":1659698434150,"type":"STATUS_CHANGE","message":"game changed status from ONGOING to FINISHED","context":{"toStatus":"FINISHED","fromStatus":"ONGOING"}}"
"Completed gRPC server shutdown"
